<?xml version="1.0" encoding="UTF-8"?>
<!-- Generated by org.testng.reporters.JUnitReportReporter -->
<testsuite skipped="0" hostname="bittechs-imac-4.lan" name="com.bit.ui.test.UnitTest" tests="1" failures="0" timestamp="01 Sep 2019 18:43:56 GMT" time="5.652" errors="0">
  <testcase name="test" time="5.652" classname="com.bit.ui.test.UnitTest"/>
</testsuite> <!-- com.bit.ui.test.UnitTest -->
