<?xml version="1.0" encoding="UTF-8"?>
<!-- Generated by org.testng.reporters.JUnitReportReporter -->
<testsuite skipped="0" hostname="bittechs-imac-4.lan" name="com.bit.ui.test.RegressionTest" tests="2" failures="0" timestamp="25 Aug 2019 17:52:32 GMT" time="0.001" errors="0">
  <testcase name="test3" time="0.001" classname="com.bit.ui.test.RegressionTest"/>
  <testcase name="test2" time="0.000" classname="com.bit.ui.test.RegressionTest"/>
</testsuite> <!-- com.bit.ui.test.RegressionTest -->
