<?xml version="1.0" encoding="UTF-8"?>
<!-- Generated by org.testng.reporters.JUnitReportReporter -->
<testsuite skipped="0" hostname="bittechs-imac-4.lan" name="com.bit.ui.test.SmokeTest" tests="1" failures="0" timestamp="25 Aug 2019 17:52:32 GMT" time="0.000" errors="0">
  <testcase name="test1" time="0.000" classname="com.bit.ui.test.SmokeTest"/>
</testsuite> <!-- com.bit.ui.test.SmokeTest -->
